<?xml version="1.0" encoding="UTF-8"?>
<!-- Generated by org.testng.reporters.JUnitXMLReporter -->
<testsuite ignored="0" hostname="DESKTOP-VQLLA2K" failures="0" tests="14" name="Default test" time="130.318" errors="0" timestamp="2023-09-18T17:14:25 IST">
  <testcase classname="healthApp.HealthLogin" name="NumberField" time="11.695"/>
  <testcase classname="healthApp.HealthLogin" name="IAgree" time="2.165"/>
  <testcase classname="healthApp.HealthLogin" name="proceedButton" time="5.336"/>
  <testcase classname="healthApp.HealthLogin" name="OTP" time="17.203"/>
  <testcase classname="healthApp.HealthLogin" name="Verify" time="2.686"/>
  <testcase classname="healthApp.HealthChat" name="Chats" time="9.448"/>
  <testcase classname="healthApp.HealthChat" name="SelectFamilyMember" time="7.458"/>
  <testcase classname="healthApp.HealthChat" name="clickCamera" time="7.352"/>
  <testcase classname="healthApp.HealthChat" name="CameraAllow" time="7.251"/>
  <testcase classname="healthApp.HealthChat" name="CameraAllow1" time="7.292"/>
  <testcase classname="healthApp.HealthChat" name="CameraClick" time="8.135"/>
  <testcase classname="healthApp.HealthChat" name="OkClick" time="7.302"/>
  <testcase classname="healthApp.HealthChat" name="TypeMessage" time="7.997"/>
  <testcase classname="healthApp.HealthChat" name="SendButton" time="7.516"/>
</testsuite> <!-- Default test -->
