<?xml version="1.0" encoding="UTF-8"?>
<!-- Generated by org.testng.reporters.JUnitXMLReporter -->
<testsuite ignored="0" hostname="DESKTOP-VQLLA2K" failures="0" tests="56" name="Test" time="725.704" errors="0" timestamp="2023-12-08T09:45:35 IST">
  <testcase classname="webAuto.OpdEndToEndWorkFlow1" name="numberField" time="0.353"/>
  <testcase classname="webAuto.OpdEndToEndWorkFlow1" name="sendOTP" time="12.379"/>
  <testcase classname="webAuto.OpdEndToEndWorkFlow1" name="verifyButton" time="10.306"/>
  <testcase classname="webAuto.OpdEndToEndWorkFlow1" name="createPatient" time="3.711"/>
  <testcase classname="webAuto.OpdEndToEndWorkFlow1" name="Number1" time="1.11"/>
  <testcase classname="webAuto.OpdEndToEndWorkFlow1" name="confirm" time="2.514"/>
  <testcase classname="webAuto.OpdEndToEndWorkFlow1" name="number2" time="0.662"/>
  <testcase classname="webAuto.OpdEndToEndWorkFlow1" name="firstName" time="0.514"/>
  <testcase classname="webAuto.OpdEndToEndWorkFlow1" name="middleName" time="0.438"/>
  <testcase classname="webAuto.OpdEndToEndWorkFlow1" name="lastName" time="0.437"/>
  <testcase classname="webAuto.OpdEndToEndWorkFlow1" name="birthDate" time="0.805"/>
  <testcase classname="webAuto.OpdEndToEndWorkFlow1" name="genFemale" time="0.313"/>
  <testcase classname="webAuto.OpdEndToEndWorkFlow1" name="address" time="0.592"/>
  <testcase classname="webAuto.OpdEndToEndWorkFlow1" name="locality" time="0.438"/>
  <testcase classname="webAuto.OpdEndToEndWorkFlow1" name="city" time="0.465"/>
  <testcase classname="webAuto.OpdEndToEndWorkFlow1" name="pinCode" time="0.511"/>
  <testcase classname="webAuto.OpdEndToEndWorkFlow1" name="proceedWithSameRMN" time="0.451"/>
  <testcase classname="webAuto.OpdEndToEndWorkFlow1" name="nextButton" time="15.162"/>
  <testcase classname="webAuto.OpdEndToEndWorkFlow1" name="clickClose" time="1.235"/>
  <testcase classname="webAuto.OpdEndToEndWorkFlow1" name="fillVitalForm" time="18.823"/>
  <testcase classname="webAuto.OpdEndToEndWorkFlow1" name="fillHealthProfile" time="13.194"/>
  <testcase classname="webAuto.OpdEndToEndWorkFlow1" name="fillFamilyProfile" time="20.496"/>
  <testcase classname="webAuto.OpdEndToEndWorkFlow1" name="GoHome" time="0.821"/>
  <testcase classname="webAuto.OpdEndToEndWorkFlow1" name="AddNewAppointment" time="26.299"/>
  <testcase classname="webAuto.OpdEndToEndWorkFlow1" name="AddPrescription" time="16.19"/>
  <testcase classname="webAuto.OpdEndToEndWorkFlow1" name="Complaints" time="6.71"/>
  <testcase classname="webAuto.OpdEndToEndWorkFlow1" name="VitalsOption" time="6.777"/>
  <testcase classname="webAuto.OpdEndToEndWorkFlow1" name="BpandHeartOption" time="16.974"/>
  <testcase classname="webAuto.OpdEndToEndWorkFlow1" name="BloodAndAnalysis" time="18.139"/>
  <testcase classname="webAuto.OpdEndToEndWorkFlow1" name="LipidProfile" time="17.114"/>
  <testcase classname="webAuto.OpdEndToEndWorkFlow1" name="OnExamination" time="15.826"/>
  <testcase classname="webAuto.OpdEndToEndWorkFlow1" name="Diagnosis" time="15.665"/>
  <testcase classname="webAuto.OpdEndToEndWorkFlow1" name="Medicine1" time="50.085"/>
  <testcase classname="webAuto.OpdEndToEndWorkFlow1" name="DietaryAdvice" time="15.494"/>
  <testcase classname="webAuto.OpdEndToEndWorkFlow1" name="GeneralInstruction" time="15.415"/>
  <testcase classname="webAuto.OpdEndToEndWorkFlow1" name="SaveandProceed" time="0.288"/>
  <testcase classname="webAuto.OpdEndToEndWorkFlow1" name="ConfirmPrescription" time="56.967"/>
  <testcase classname="webAuto.OPDEndToEndWorkFlow2" name="numberField" time="0.368"/>
  <testcase classname="webAuto.OPDEndToEndWorkFlow2" name="sendOTP" time="12.062"/>
  <testcase classname="webAuto.OPDEndToEndWorkFlow2" name="verifyButton" time="10.305"/>
  <testcase classname="webAuto.OPDEndToEndWorkFlow2" name="searchBar1" time="5.522"/>
  <testcase classname="webAuto.OPDEndToEndWorkFlow2" name="searchOpt" time="3.172"/>
  <testcase classname="webAuto.OPDEndToEndWorkFlow2" name="searchBar2" time="15.474"/>
  <testcase classname="webAuto.OPDEndToEndWorkFlow2" name="Investigation" time="27.65"/>
  <testcase classname="webAuto.OPDEndToEndWorkFlow2" name="Investigation1" time="36.709"/>
  <testcase classname="webAuto.OPDEndToEndWorkFlow2" name="HealthProfile" time="16.337"/>
  <testcase classname="webAuto.OPDEndToEndWorkFlow2" name="Document1" time="0.362"/>
  <testcase classname="webAuto.OPDEndToEndWorkFlow2" name="ReceiptOption" time="16.003"/>
  <testcase classname="webAuto.OPDEndToEndWorkFlow2" name="previewReceipt" time="31.511"/>
  <testcase classname="webAuto.OPDEndToEndWorkFlow2" name="cirtificateOption1" time="20.737"/>
  <testcase classname="webAuto.OPDEndToEndWorkFlow2" name="AllDocuments" time="16.756"/>
  <testcase classname="webAuto.OPDEndToEndWorkFlow2" name="Document2" time="0.272"/>
  <testcase classname="webAuto.OPDEndToEndWorkFlow2" name="cirtificateOption" time="33.532"/>
  <testcase classname="webAuto.OPDEndToEndWorkFlow2" name="cirtificateOption3" time="20.614"/>
  <testcase classname="webAuto.OPDEndToEndWorkFlow2" name="AllDocuments1" time="11.931"/>
  <testcase classname="webAuto.OPDEndToEndWorkFlow2" name="ReferralOption3" time="46.133"/>
</testsuite> <!-- Test -->
