<?xml version="1.0" encoding="UTF-8"?>
<!-- Generated by org.testng.reporters.JUnitXMLReporter -->
<testsuite ignored="1" hostname="DESKTOP-VQLLA2K" failures="0" tests="105" name="Default test" time="1209.943" errors="0" timestamp="2023-12-08T11:55:26 IST">
  <testcase classname="pivotalApplication.PivoFin2" name="NumberField" time="2.619"/>
  <testcase classname="pivotalApplication.PivoFin2" name="IAgree" time="2.419"/>
  <testcase classname="pivotalApplication.PivoFin2" name="proceedButton" time="5.995"/>
  <testcase classname="pivotalApplication.PivoFin2" name="OTP" time="11.195"/>
  <testcase classname="pivotalApplication.PivoFin2" name="submit" time="7.807"/>
  <testcase classname="pivotalApplication.PivoFin2" name="Search" time="10.941"/>
  <testcase classname="pivotalApplication.PivoFin2" name="ClickPatient" time="2.419"/>
  <testcase classname="pivotalApplication.PivoFin2" name="InvestigationClick" time="3.883"/>
  <testcase classname="pivotalApplication.PivoFin2" name="NewRequisition" time="2.751"/>
  <testcase classname="pivotalApplication.PivoFin2" name="Covid19" time="5.044"/>
  <testcase classname="pivotalApplication.PivoFin2" name="packages" time="3.007"/>
  <testcase classname="pivotalApplication.PivoFin2" name="Feverpanel" time="3.462"/>
  <testcase classname="pivotalApplication.PivoFin2" name="SelectTests" time="2.997"/>
  <testcase classname="pivotalApplication.PivoFin2" name="CreateRquisition" time="2.658"/>
  <testcase classname="pivotalApplication.PivoFin2" name="RquisitionDownloadclose" time="3.004"/>
  <testcase classname="pivotalApplication.PivoFin2" name="ReportClick" time="2.387"/>
  <testcase classname="pivotalApplication.PivoFin2" name="UploadReport" time="2.672"/>
  <testcase classname="pivotalApplication.PivoFin2" name="CreatedBy2" time="2.942"/>
  <testcase classname="pivotalApplication.PivoFin2" name="DocumentOn2" time="2.259"/>
  <testcase classname="pivotalApplication.PivoFin2" name="popUpOk2" time="2.82"/>
  <testcase classname="pivotalApplication.PivoFin2" name="Camera2" time="19.588"/>
  <testcase classname="pivotalApplication.PivoFin2" name="UploadCam2" time="2.852"/>
  <testcase classname="pivotalApplication.PivoFin2" name="UploadCamOk2" time="2.23"/>
  <testcase classname="pivotalApplication.PivoFin2" name="Transscript1" time="5.846"/>
  <testcase classname="pivotalApplication.PivoFin2" name="CreatedBy3" time="2.328"/>
  <testcase classname="pivotalApplication.PivoFin2" name="DocumentOn3" time="2.7"/>
  <testcase classname="pivotalApplication.PivoFin2" name="popUpOk3" time="2.338"/>
  <testcase classname="pivotalApplication.PivoFin2" name="Gallery3" time="2.68"/>
  <testcase classname="pivotalApplication.PivoFin2" name="photo3" time="10.459"/>
  <testcase classname="pivotalApplication.PivoFin2" name="Upload3" time="2.643"/>
  <testcase classname="pivotalApplication.PivoFin2" name="UploadOk3" time="10.035"/>
  <testcase classname="pivotalApplication.PivoFin2" name="RffralCreation" time="3.021"/>
  <testcase classname="pivotalApplication.PivoFin2" name="DrName" time="2.964"/>
  <testcase classname="pivotalApplication.PivoFin2" name="DrEmail" time="3.016"/>
  <testcase classname="pivotalApplication.PivoFin2" name="DrMobNumber" time="3.023"/>
  <testcase classname="pivotalApplication.PivoFin2" name="HealthCondition" time="3.018"/>
  <testcase classname="pivotalApplication.PivoFin2" name="Duration" time="3.013"/>
  <testcase classname="pivotalApplication.PivoFin2" name="Speciality" time="7.544"/>
  <testcase classname="pivotalApplication.PivoFin2" name="preview" time="2.84"/>
  <testcase classname="pivotalApplication.PivoFin2" name="Save" time="15.235"/>
  <testcase classname="pivotalApplication.PivoFin2" name="UploadDocuments" time="55.098"/>
  <testcase classname="pivotalApplication.PivoFin2" name="DocumentsDropDown" time="5.251"/>
  <testcase classname="pivotalApplication.PivoFin2" name="DischargeSummary" time="2.255"/>
  <testcase classname="pivotalApplication.PivoFin2" name="CreatedBy" time="3.562"/>
  <testcase classname="pivotalApplication.PivoFin2" name="DocumentOn" time="2.247"/>
  <testcase classname="pivotalApplication.PivoFin2" name="popUpOk" time="2.804"/>
  <testcase classname="pivotalApplication.PivoFin2" name="Camera" time="14.367"/>
  <testcase classname="pivotalApplication.PivoFin2" name="UploadCam" time="2.826"/>
  <testcase classname="pivotalApplication.PivoFin2" name="UploadCamOk" time="2.236"/>
  <testcase classname="pivotalApplication.PivoFin2" name="UploadDocuments1" time="5.877"/>
  <testcase classname="pivotalApplication.PivoFin2" name="DocumentsDropDown1" time="5.249"/>
  <testcase classname="pivotalApplication.PivoFin2" name="DischargeSummary1" time="2.772"/>
  <testcase classname="pivotalApplication.PivoFin2" name="CreatedBy1" time="3.009"/>
  <testcase classname="pivotalApplication.PivoFin2" name="DocumentOn1" time="2.263"/>
  <testcase classname="pivotalApplication.PivoFin2" name="popUpOk1" time="2.816"/>
  <testcase classname="pivotalApplication.PivoFin2" name="Gallery" time="2.294"/>
  <testcase classname="pivotalApplication.PivoFin2" name="photo" time="10.817"/>
  <testcase classname="pivotalApplication.PivoFin2" name="Upload" time="2.377"/>
  <testcase classname="pivotalApplication.PivoFin2" name="UploadOk" time="2.717"/>
  <testcase classname="pivotalApplication.PivoFin2" name="SpecialVaccine" time="18.059"/>
  <testcase classname="pivotalApplication.PivoFin2" name="AdministeredDate" time="5.271"/>
  <testcase classname="pivotalApplication.PivoFin2" name="PopUpOk" time="2.824"/>
  <testcase classname="pivotalApplication.PivoFin2" name="VaccineDropdown" time="2.265"/>
  <testcase classname="pivotalApplication.PivoFin2" name="CholeraVaccine" time="2.774"/>
  <testcase classname="pivotalApplication.PivoFin2" name="Submit" time="2.289"/>
  <testcase classname="pivotalApplication.PivoFin2" name="VaccinationOk" time="2.738"/>
  <testcase classname="pivotalApplication.PivoFin2" name="LinkPatient" time="18.111"/>
  <testcase classname="pivotalApplication.PivoFin2" name="DrMobileNumber" time="11.081"/>
  <testcase classname="pivotalApplication.PivoFin2" name="SearchDr" time="17.199"/>
  <testcase classname="pivotalApplication.PivoFin2" name="Link" time="15.191"/>
  <testcase classname="pivotalApplication.PivoFin2" name="Reciept" time="17.998"/>
  <testcase classname="pivotalApplication.PivoFin2" name="AddNewReceipt" time="10.338"/>
  <testcase classname="pivotalApplication.PivoFin2" name="ReceiptNo" time="8.736"/>
  <testcase classname="pivotalApplication.PivoFin2" name="Consultation" time="5.012"/>
  <testcase classname="pivotalApplication.PivoFin2" name="Vaccination" time="4.395"/>
  <testcase classname="pivotalApplication.PivoFin2" name="OtherReasons" time="5.693"/>
  <testcase classname="pivotalApplication.PivoFin2" name="Addmore" time="4.505"/>
  <testcase classname="pivotalApplication.PivoFin2" name="Preview" time="35.881"/>
  <testcase classname="pivotalApplication.PivoFin2" name="PayerName" time="2.897"/>
  <testcase classname="pivotalApplication.PivoFin2" name="CreateReceipt" time="27.615"/>
  <testcase classname="pivotalApplication.PivoFin2" name="Certificate" time="42.182"/>
  <testcase classname="pivotalApplication.PivoFin2" name="CertificateDropdown" time="22.394"/>
  <testcase classname="pivotalApplication.PivoFin2" name="CertificateType" time="22.66"/>
  <testcase classname="pivotalApplication.PivoFin2" name="Speciality1" time="32.773"/>
  <testcase classname="pivotalApplication.PivoFin2" name="SpecialitySelect" time="37.692"/>
  <testcase classname="pivotalApplication.PivoFin2" name="Preview1" time="12.376"/>
  <testcase classname="pivotalApplication.PivoFin2" name="Printclose" time="17.942"/>
  <testcase classname="pivotalApplication.PivoFin2" name="ClickHistory" time="6.52"/>
  <testcase classname="pivotalApplication.PivoFin2" name="ViewDocument" time="2.646"/>
  <testcase classname="pivotalApplication.PivoFin2" name="close1" time="10.173"/>
  <testcase classname="pivotalApplication.PivoFin2" name="ViewReceipts" time="13.067"/>
  <testcase classname="pivotalApplication.PivoFin2" name="close2" time="12.176"/>
  <testcase classname="pivotalApplication.PivoFin2" name="ViewReferal" time="11.025"/>
  <testcase classname="pivotalApplication.PivoFin2" name="close4" time="57.436"/>
  <testcase classname="pivotalApplication.PivoFin2" name="PatientList" time="38.269"/>
  <testcase classname="pivotalApplication.PivoFin2" name="Appointments" time="10.589"/>
  <testcase classname="pivotalApplication.PivoFin2" name="Prescription" time="44.469"/>
  <testcase classname="pivotalApplication.PivoFin2" name="Reports" time="52.946"/>
  <testcase classname="pivotalApplication.PivoFin2" name="Referrals" time="49.706"/>
  <testcase classname="pivotalApplication.PivoFin2" name="VaccineInStore" time="23.275"/>
  <testcase classname="pivotalApplication.PivoFin2" name="ViewReports" time="53.579"/>
  <testcase classname="pivotalApplication.PivoFin2" name="MyNotes" time="27.837"/>
  <testcase classname="pivotalApplication.PivoFin2" name="ShareHealth" time="12.394"/>
  <testcase classname="pivotalApplication.PivoFin2" name="WhatsNew" time="10.923"/>
  <testcase classname="pivotalApplication.PivoFin2" name="DashboardData" time="7.91"/>
  <testcase classname="pivotalApplication.PivoFin2" name="HealthApp" time="0.0">
    <ignored/>
  </testcase> <!-- HealthApp -->
</testsuite> <!-- Default test -->
